2020-10-18 23:40:18 INFO  Main:27 - Launching the application...
2020-10-18 23:40:18 INFO  Main:28 - Operating System: Windows 10 10.0
2020-10-18 23:40:18 INFO  Main:32 - JRE: 14.0.2
2020-10-18 23:40:18 INFO  Main:33 - Java Launched From: D:\jdk-14.0.1
2020-10-18 23:40:18 INFO  Main:34 - Class Path: groupappcontrol.jar
2020-10-18 23:40:18 INFO  Main:35 - Library Path: D:\jdk-14.0.1\bin;C:\WINDOWS\Sun\Java\bin;C:\WINDOWS\system32;C:\WINDOWS;D:\jdk-14.0.1\bin;C:\Users\79045\AppData\Local\Microsoft\WindowsApps;C:\Program Files\apache-maven-3.6.3\bin;;.
2020-10-18 23:40:18 INFO  Main:36 - User Home Directory: C:\Users\79045
2020-10-18 23:40:18 INFO  Main:37 - User Working Directory: D:\projects\groupappcontrol\target
2020-10-18 23:40:18 INFO  Main:38 - Test INFO logging.
2020-10-18 23:40:18 DEBUG Main:21 - GroupControlClient[0]: starting application.........
2020-10-18 23:40:18 INFO  Main:22 - Info
2020-10-18 23:40:18 ERROR Main:23 - Error
2020-10-18 23:40:18 INFO  Main:24 - Student Ivan with roll number 33 found!
2020-10-18 23:57:27 INFO  Main:27 - Launching the application...
2020-10-18 23:57:27 INFO  Main:28 - Operating System: Windows 10 10.0
2020-10-18 23:57:27 INFO  Main:32 - JRE: 14.0.2
2020-10-18 23:57:27 INFO  Main:33 - Java Launched From: D:\jdk-14.0.1
2020-10-18 23:57:27 INFO  Main:34 - Class Path: groupappcontrol.jar
2020-10-18 23:57:27 INFO  Main:35 - Library Path: D:\jdk-14.0.1\bin;C:\WINDOWS\Sun\Java\bin;C:\WINDOWS\system32;C:\WINDOWS;D:\jdk-14.0.1\bin;C:\Users\79045\AppData\Local\Microsoft\WindowsApps;C:\Program Files\apache-maven-3.6.3\bin;;.
2020-10-18 23:57:27 INFO  Main:36 - User Home Directory: C:\Users\79045
2020-10-18 23:57:27 INFO  Main:37 - User Working Directory: D:\projects\groupappcontrol\target
2020-10-18 23:57:27 INFO  Main:38 - Test INFO logging.
2020-10-18 23:57:27 DEBUG Main:21 - GroupControlClient[0]: starting application.........
2020-10-18 23:57:27 INFO  Main:22 - Info
2020-10-18 23:57:27 ERROR Main:23 - Error
2020-10-18 23:57:27 INFO  Main:24 - Student Ivan with roll number 33 found!
2020-10-19 00:01:10 INFO  Main:27 - Launching the application...
2020-10-19 00:01:10 INFO  Main:28 - Operating System: Windows 10 10.0
2020-10-19 00:01:10 INFO  Main:32 - JRE: 14.0.2
2020-10-19 00:01:10 INFO  Main:33 - Java Launched From: D:\jdk-14.0.1
2020-10-19 00:01:10 INFO  Main:34 - Class Path: groupappcontrol.jar
2020-10-19 00:01:10 INFO  Main:35 - Library Path: D:\jdk-14.0.1\bin;C:\WINDOWS\Sun\Java\bin;C:\WINDOWS\system32;C:\WINDOWS;D:\jdk-14.0.1\bin;C:\Users\79045\AppData\Local\Microsoft\WindowsApps;C:\Program Files\apache-maven-3.6.3\bin;;.
2020-10-19 00:01:10 INFO  Main:36 - User Home Directory: C:\Users\79045
2020-10-19 00:01:10 INFO  Main:37 - User Working Directory: D:\projects\groupappcontrol\target
2020-10-19 00:01:10 INFO  Main:38 - Test INFO logging.
2020-10-19 00:01:10 DEBUG Main:21 - GroupControlClient[0]: starting application.........
2020-10-19 00:01:10 INFO  Main:22 - Info
2020-10-19 00:01:10 ERROR Main:23 - Error
2020-10-19 00:01:10 INFO  Main:24 - Student Ivan with roll number 33 found!
2020-10-19 00:07:17 INFO  Main:27 - Launching the application...
2020-10-19 00:07:17 INFO  Main:28 - Operating System: Windows 10 10.0
2020-10-19 00:07:17 INFO  Main:32 - JRE: 14.0.2
2020-10-19 00:07:17 INFO  Main:33 - Java Launched From: D:\jdk-14.0.1
2020-10-19 00:07:17 INFO  Main:34 - Class Path: groupappcontrol.jar
2020-10-19 00:07:17 INFO  Main:35 - Library Path: D:\jdk-14.0.1\bin;C:\WINDOWS\Sun\Java\bin;C:\WINDOWS\system32;C:\WINDOWS;D:\jdk-14.0.1\bin;C:\Users\79045\AppData\Local\Microsoft\WindowsApps;C:\Program Files\apache-maven-3.6.3\bin;;.
2020-10-19 00:07:17 INFO  Main:36 - User Home Directory: C:\Users\79045
2020-10-19 00:07:17 INFO  Main:37 - User Working Directory: D:\projects\groupappcontrol\target
2020-10-19 00:07:17 INFO  Main:38 - Test INFO logging.
2020-10-19 00:07:17 DEBUG Main:21 - GroupControlClient[0]: starting application.........
2020-10-19 00:07:17 INFO  Main:22 - Info
2020-10-19 00:07:17 ERROR Main:23 - Error
2020-10-19 00:07:17 INFO  Main:24 - Student Ivan with roll number 33 found!
2020-10-19 00:15:28 INFO  Main:27 - Launching the application...
2020-10-19 00:15:28 INFO  Main:28 - Operating System: Windows 10 10.0
2020-10-19 00:15:28 INFO  Main:32 - JRE: 14.0.2
2020-10-19 00:15:28 INFO  Main:33 - Java Launched From: D:\jdk-14.0.1
2020-10-19 00:15:28 INFO  Main:34 - Class Path: groupappcontrol.jar
2020-10-19 00:15:28 INFO  Main:35 - Library Path: D:\jdk-14.0.1\bin;C:\WINDOWS\Sun\Java\bin;C:\WINDOWS\system32;C:\WINDOWS;D:\jdk-14.0.1\bin;C:\Users\79045\AppData\Local\Microsoft\WindowsApps;C:\Program Files\apache-maven-3.6.3\bin;;.
2020-10-19 00:15:28 INFO  Main:36 - User Home Directory: C:\Users\79045
2020-10-19 00:15:28 INFO  Main:37 - User Working Directory: D:\projects\groupappcontrol\target
2020-10-19 00:15:28 INFO  Main:38 - Test INFO logging.
2020-10-19 00:15:28 DEBUG Main:21 - GroupControlClient[0]: starting application.........
2020-10-19 00:15:28 INFO  Main:22 - Info
2020-10-19 00:15:28 ERROR Main:23 - Error
2020-10-19 00:15:28 INFO  Main:24 - Student Ivan with roll number 33 found!
2020-10-19 09:35:01 INFO  Main:27 - Launching the application...
2020-10-19 09:35:01 INFO  Main:28 - Operating System: Windows 10 10.0
2020-10-19 09:35:01 INFO  Main:32 - JRE: 14.0.2
2020-10-19 09:35:01 INFO  Main:33 - Java Launched From: D:\jdk-14.0.1
2020-10-19 09:35:01 INFO  Main:34 - Class Path: groupappcontrol.jar
2020-10-19 09:35:01 INFO  Main:35 - Library Path: D:\jdk-14.0.1\bin;C:\WINDOWS\Sun\Java\bin;C:\WINDOWS\system32;C:\WINDOWS;D:\jdk-14.0.1\bin;C:\Users\79045\AppData\Local\Microsoft\WindowsApps;C:\Program Files\apache-maven-3.6.3\bin;;.
2020-10-19 09:35:01 INFO  Main:36 - User Home Directory: C:\Users\79045
2020-10-19 09:35:01 INFO  Main:37 - User Working Directory: D:\projects\groupappcontrol\target
2020-10-19 09:35:01 INFO  Main:38 - Test INFO logging.
2020-10-19 09:35:01 DEBUG Main:21 - GroupControlClient[0]: starting application.........
2020-10-19 09:35:01 INFO  Main:22 - Info
2020-10-19 09:35:01 ERROR Main:23 - Error
2020-10-19 09:35:01 INFO  Main:24 - Student Ivan with roll number 33 found!
