2020-10-16 20:33:38 INFO  Main:27 - Launching the application...
2020-10-16 20:33:38 INFO  Main:28 - Operating System: Windows 10 10.0
2020-10-16 20:33:38 INFO  Main:32 - JRE: 14.0.2
2020-10-16 20:33:38 INFO  Main:33 - Java Launched From: D:\jdk-14.0.1
2020-10-16 20:33:38 INFO  Main:34 - Class Path: D:\projects\groupappcontrol\target\classes;C:\Users\79045\.m2\repository\org\apache\maven\plugins\maven-jar-plugin\3.0.2\maven-jar-plugin-3.0.2.jar;C:\Users\79045\.m2\repository\org\apache\maven\maven-plugin-api\3.0\maven-plugin-api-3.0.jar;C:\Users\79045\.m2\repository\org\apache\maven\maven-model\3.0\maven-model-3.0.jar;C:\Users\79045\.m2\repository\org\sonatype\sisu\sisu-inject-plexus\1.4.2\sisu-inject-plexus-1.4.2.jar;C:\Users\79045\.m2\repository\org\sonatype\sisu\sisu-inject-bean\1.4.2\sisu-inject-bean-1.4.2.jar;C:\Users\79045\.m2\repository\org\sonatype\sisu\sisu-guice\2.1.7\sisu-guice-2.1.7-noaop.jar;C:\Users\79045\.m2\repository\org\apache\maven\maven-core\3.0\maven-core-3.0.jar;C:\Users\79045\.m2\repository\org\apache\maven\maven-settings\3.0\maven-settings-3.0.jar;C:\Users\79045\.m2\repository\org\apache\maven\maven-settings-builder\3.0\maven-settings-builder-3.0.jar;C:\Users\79045\.m2\repository\org\apache\maven\maven-repository-metadata\3.0\maven-repository-metadata-3.0.jar;C:\Users\79045\.m2\repository\org\apache\maven\maven-model-builder\3.0\maven-model-builder-3.0.jar;C:\Users\79045\.m2\repository\org\apache\maven\maven-aether-provider\3.0\maven-aether-provider-3.0.jar;C:\Users\79045\.m2\repository\org\sonatype\aether\aether-impl\1.7\aether-impl-1.7.jar;C:\Users\79045\.m2\repository\org\sonatype\aether\aether-spi\1.7\aether-spi-1.7.jar;C:\Users\79045\.m2\repository\org\sonatype\aether\aether-api\1.7\aether-api-1.7.jar;C:\Users\79045\.m2\repository\org\sonatype\aether\aether-util\1.7\aether-util-1.7.jar;C:\Users\79045\.m2\repository\org\codehaus\plexus\plexus-interpolation\1.14\plexus-interpolation-1.14.jar;C:\Users\79045\.m2\repository\org\codehaus\plexus\plexus-classworlds\2.2.3\plexus-classworlds-2.2.3.jar;C:\Users\79045\.m2\repository\org\codehaus\plexus\plexus-component-annotations\1.5.5\plexus-component-annotations-1.5.5.jar;C:\Users\79045\.m2\repository\org\sonatype\plexus\plexus-sec-dispatcher\1.3\plexus-sec-dispatcher-1.3.jar;C:\Users\79045\.m2\repository\org\sonatype\plexus\plexus-cipher\1.4\plexus-cipher-1.4.jar;C:\Users\79045\.m2\repository\org\apache\maven\maven-artifact\3.0\maven-artifact-3.0.jar;C:\Users\79045\.m2\repository\org\apache\maven\maven-archiver\3.1.1\maven-archiver-3.1.1.jar;C:\Users\79045\.m2\repository\org\apache\maven\shared\maven-shared-utils\3.0.1\maven-shared-utils-3.0.1.jar;C:\Users\79045\.m2\repository\commons-io\commons-io\2.5\commons-io-2.5.jar;C:\Users\79045\.m2\repository\org\codehaus\plexus\plexus-archiver\3.4\plexus-archiver-3.4.jar;C:\Users\79045\.m2\repository\org\codehaus\plexus\plexus-io\2.7.1\plexus-io-2.7.1.jar;C:\Users\79045\.m2\repository\org\apache\commons\commons-compress\1.11\commons-compress-1.11.jar;C:\Users\79045\.m2\repository\org\iq80\snappy\snappy\0.4\snappy-0.4.jar;C:\Users\79045\.m2\repository\org\tukaani\xz\1.5\xz-1.5.jar;C:\Users\79045\.m2\repository\org\codehaus\plexus\plexus-utils\3.0.24\plexus-utils-3.0.24.jar;C:\Users\79045\.m2\repository\org\apache\logging\log4j\log4j-api\2.12.1\log4j-api-2.12.1.jar;C:\Users\79045\.m2\repository\org\apache\logging\log4j\log4j-core\2.12.1\log4j-core-2.12.1.jar;C:\Users\79045\.m2\repository\com\opencsv\opencsv\4.5\opencsv-4.5.jar;C:\Users\79045\.m2\repository\org\apache\commons\commons-lang3\3.8.1\commons-lang3-3.8.1.jar;C:\Users\79045\.m2\repository\org\apache\commons\commons-text\1.3\commons-text-1.3.jar;C:\Users\79045\.m2\repository\commons-beanutils\commons-beanutils\1.9.3\commons-beanutils-1.9.3.jar;C:\Users\79045\.m2\repository\commons-logging\commons-logging\1.2\commons-logging-1.2.jar;C:\Users\79045\.m2\repository\commons-collections\commons-collections\3.2.2\commons-collections-3.2.2.jar;C:\Users\79045\.m2\repository\org\apache\commons\commons-collections4\4.2\commons-collections4-4.2.jar;C:\Users\79045\.m2\repository\org\simpleframework\simple-xml\2.7.1\simple-xml-2.7.1.jar;C:\Users\79045\.m2\repository\stax\stax-api\1.0.1\stax-api-1.0.1.jar;C:\Users\79045\.m2\repository\stax\stax\1.2.0\stax-1.2.0.jar;C:\Users\79045\.m2\repository\xpp3\xpp3\1.1.3.3\xpp3-1.1.3.3.jar;C:\Users\79045\.m2\repository\org\postgresql\postgresql\42.2.6\postgresql-42.2.6.jar
2020-10-16 20:33:38 INFO  Main:35 - Library Path: D:\jdk-14.0.1\bin;C:\WINDOWS\Sun\Java\bin;C:\WINDOWS\system32;C:\WINDOWS;D:\jdk-14.0.1\bin;C:\Users\79045\AppData\Local\Microsoft\WindowsApps;C:\Program Files\apache-maven-3.6.3\bin;;.
2020-10-16 20:33:38 INFO  Main:36 - User Home Directory: C:\Users\79045
2020-10-16 20:33:38 INFO  Main:37 - User Working Directory: D:\projects\groupappcontrol
2020-10-16 20:33:38 INFO  Main:38 - Test INFO logging.
2020-10-16 20:33:38 DEBUG Main:21 - GroupControlClient[0]: starting application.........
2020-10-16 20:33:38 INFO  Main:22 - Info
2020-10-16 20:33:38 ERROR Main:23 - Error
2020-10-16 20:33:38 INFO  Main:24 - Student Ivan with roll number 33 found!
2020-10-18 23:33:59 INFO  Main:13 - Info
2020-10-18 23:33:59 ERROR Main:14 - Error
2020-10-19 09:34:03 INFO  Main:13 - Info
2020-10-19 09:34:03 ERROR Main:14 - Error
2020-11-16 01:55:52 INFO  Main:13 - Info
2020-11-16 01:55:52 ERROR Main:14 - Error
2020-11-16 01:56:43 INFO  Main:19 - Info
2020-11-16 01:56:43 ERROR Main:20 - Error
2020-11-16 01:56:43 DEBUG Main:21 - Debug
2020-11-16 01:57:41 INFO  Main:19 - Info
2020-11-16 01:57:41 ERROR Main:20 - Error
2020-11-16 01:57:41 DEBUG Main:21 - Debug
2020-11-16 01:59:04 INFO  Main:19 - Info
2020-11-16 01:59:04 ERROR Main:20 - Error
2020-11-16 01:59:04 DEBUG Main:21 - Debug
2020-11-16 02:00:58 INFO  Main:19 - Info
2020-11-16 02:00:58 ERROR Main:20 - Error
2020-11-16 02:00:58 DEBUG Main:21 - Debug
2020-11-16 02:01:49 INFO  Main:19 - Info
2020-11-16 02:01:49 ERROR Main:20 - Error
2020-11-16 02:01:49 DEBUG Main:21 - Debug
2020-11-16 03:02:33 ERROR DataProviderCsv:65 - There is no element with this id
2020-11-16 03:05:37 ERROR DataProviderCsv:65 - There is no element with this id
2020-11-16 03:06:10 ERROR DataProviderCsv:65 - There is no element with this id
2020-11-17 15:09:28 INFO  Main:19 - Info
2020-11-17 15:09:28 ERROR Main:20 - Error
2020-11-17 15:09:28 DEBUG Main:21 - Debug
2020-11-17 15:11:19 INFO  Main:19 - Info
2020-11-17 15:11:19 ERROR Main:20 - Error
2020-11-17 15:11:19 DEBUG Main:21 - Debug
2020-11-17 15:16:56 INFO  Main:19 - Info
2020-11-17 15:16:56 ERROR Main:20 - Error
2020-11-17 15:16:56 DEBUG Main:21 - Debug
2020-11-17 15:20:21 INFO  Main:19 - Info
2020-11-17 15:20:21 ERROR Main:20 - Error
2020-11-17 15:20:21 DEBUG Main:21 - Debug
2020-11-17 15:24:47 INFO  Main:19 - Info
2020-11-17 15:24:47 ERROR Main:20 - Error
2020-11-17 15:24:47 DEBUG Main:21 - Debug
2020-11-17 15:26:06 INFO  Main:19 - Info
2020-11-17 15:26:06 ERROR Main:20 - Error
2020-11-17 15:26:06 DEBUG Main:21 - Debug
2020-11-17 15:30:59 INFO  Main:19 - Info
2020-11-17 15:30:59 ERROR Main:20 - Error
2020-11-17 15:30:59 DEBUG Main:21 - Debug
2020-11-23 10:27:18 INFO  Main:19 - Info
2020-11-23 10:27:18 ERROR Main:20 - Error
2020-11-23 10:27:18 DEBUG Main:21 - Debug
2020-11-23 10:28:11 INFO  Main:21 - Info
2020-11-23 10:28:11 ERROR Main:22 - Error
2020-11-23 10:28:11 DEBUG Main:23 - Debug
2020-11-23 10:29:47 INFO  Main:21 - Info
2020-11-23 10:29:47 ERROR Main:22 - Error
2020-11-23 10:29:47 DEBUG Main:23 - Debug
2020-11-23 10:36:59 INFO  Main:21 - Info
2020-11-23 10:36:59 ERROR Main:22 - Error
2020-11-23 10:36:59 DEBUG Main:23 - Debug
2020-11-23 10:38:42 INFO  Main:21 - Info
2020-11-23 10:38:42 ERROR Main:22 - Error
2020-11-23 10:38:42 DEBUG Main:23 - Debug
2020-11-23 10:39:48 INFO  Main:21 - Info
2020-11-23 10:39:48 ERROR Main:22 - Error
2020-11-23 10:39:48 DEBUG Main:23 - Debug
2020-11-23 11:19:04 INFO  Main:21 - Info
2020-11-23 11:19:04 ERROR Main:22 - Error
2020-11-23 11:19:04 DEBUG Main:23 - Debug
2020-11-23 11:28:54 INFO  Main:21 - Info
2020-11-23 11:28:54 ERROR Main:22 - Error
2020-11-23 11:28:54 DEBUG Main:23 - Debug
2020-11-23 11:48:56 INFO  Main:21 - Info
2020-11-23 11:48:56 ERROR Main:22 - Error
2020-11-23 11:48:56 DEBUG Main:23 - Debug
2020-11-23 12:04:33 INFO  Main:21 - Info
2020-11-23 12:04:33 ERROR Main:22 - Error
2020-11-23 12:04:33 DEBUG Main:23 - Debug
2020-11-23 12:06:49 INFO  Main:21 - Info
2020-11-23 12:06:49 ERROR Main:22 - Error
2020-11-23 12:06:49 DEBUG Main:23 - Debug
2020-11-23 12:19:42 INFO  Main:21 - Info
2020-11-23 12:19:42 ERROR Main:22 - Error
2020-11-23 12:19:42 DEBUG Main:23 - Debug
2020-11-23 12:21:06 INFO  Main:21 - Info
2020-11-23 12:21:06 ERROR Main:22 - Error
2020-11-23 12:21:06 DEBUG Main:23 - Debug
2020-11-23 13:24:49 ERROR DataProviderXML:61 - java.util.NoSuchElementException: No value present
2020-11-23 19:33:25 ERROR DataProviderCsv:65 - There is no element with this id
2020-11-23 19:36:27 INFO  Main:17 - Info
2020-11-23 19:36:27 ERROR Main:18 - Error
2020-11-23 19:36:27 DEBUG Main:19 - Debug
2020-11-23 19:38:46 INFO  Main:17 - Info
2020-11-23 19:38:46 ERROR Main:18 - Error
2020-11-23 19:38:46 DEBUG Main:19 - Debug
2020-11-23 19:40:09 INFO  Main:17 - Info
2020-11-23 19:40:09 ERROR Main:18 - Error
2020-11-23 19:40:09 DEBUG Main:19 - Debug
2020-11-23 19:45:16 INFO  Main:17 - Info
2020-11-23 19:45:16 ERROR Main:18 - Error
2020-11-23 19:45:16 DEBUG Main:19 - Debug
2020-11-23 19:46:30 INFO  Main:17 - Info
2020-11-23 19:46:30 ERROR Main:18 - Error
2020-11-23 19:46:30 DEBUG Main:19 - Debug
